<?xml version="1.0" encoding="UTF-8"?>
<!-- Generated by org.testng.reporters.JUnitReportReporter -->
<testsuite hostname="MBP-FVFFF1Q7Q05N" failures="0" tests="2" name="tests.LoginTest" time="15.005" errors="0" timestamp="2025-03-03T14:12:29 EET" skipped="0">
  <testcase classname="tests.LoginTest" name="verifyErrorMessageIsShownIfUserSetWrongUserData" time="8.100"/>
  <system-out/>
  <testcase classname="tests.LoginTest" name="verifyUserCanLoginWithValidData" time="6.905"/>
  <system-out/>
</testsuite> <!-- tests.LoginTest -->
